<?xml version="1.0" encoding="UTF-8"?>
<testng-results ignored="0" total="0" passed="0" failed="0" skipped="0">
  <reporter-output>
  </reporter-output>
  <suite started-at="2026-06-06T16:15:13 IST" name="Capstone Suite" finished-at="2026-06-06T16:15:13 IST" duration-ms="123">
    <groups>
    </groups>
    <test started-at="2026-06-06T16:15:13 IST" name="Navigation Tests" finished-at="2026-06-06T16:15:13 IST" duration-ms="40">
    </test> <!-- Navigation Tests -->
    <test started-at="2026-06-06T16:15:13 IST" name="GUI Tests" finished-at="2026-06-06T16:15:13 IST" duration-ms="1">
    </test> <!-- GUI Tests -->
    <test started-at="2026-06-06T16:15:13 IST" name="Advanced Tests" finished-at="2026-06-06T16:15:13 IST" duration-ms="1">
    </test> <!-- Advanced Tests -->
  </suite> <!-- Capstone Suite -->
</testng-results>
